<?xml version="1.0" encoding="UTF-8"?>
<!-- Generated by org.testng.reporters.JUnitReportReporter -->
<testsuite hostname="WIN-EE5HK286L9A" name="com.linge.demo.Ngone" tests="1" failures="0" timestamp="26 Dec 2017 10:25:39 GMT" time="0.010" errors="0">
  <testcase name="ssTest" time="0.010" classname="com.linge.demo.Ngone"/>
</testsuite> <!-- com.linge.demo.Ngone -->
